GET /app/user/auth 304 - - 4.450 ms
GET /app/user/auth 304 - - 1.830 ms
GET /app/user/auth 304 - - 1.560 ms
GET /app/user/auth 304 - - 1.979 ms
GET /app/project/get? 304 - - 81.357 ms
GET /app/user/auth 304 - - 5.016 ms
GET /app/user/auth 304 - - 1.370 ms
GET /app/task/get?project_id=68a4dbaeea691a47274e14a2 200 965 - 78.138 ms
GET /app/project/getProjectById?project_id=68a4dbaeea691a47274e14a2 200 325 - 96.329 ms
POST /app/user/login 200 437 - 1675.908 ms
GET /app/user/auth 304 - - 3.412 ms
GET /app/user/auth 304 - - 2.108 ms
GET /app/user/auth 304 - - 1.515 ms
GET /app/user/auth 304 - - 1.972 ms
GET /app/project/get? 304 - - 753.815 ms
GET /app/user/auth 304 - - 1.474 ms
GET /app/user/auth 304 - - 1.522 ms
GET /app/project/get? 304 - - 69.000 ms
GET /app/user/auth 304 - - 2.498 ms
GET /app/user/auth 304 - - 1.590 ms
GET /app/project/get? 304 - - 78.864 ms
GET /app/user/auth 304 - - 2.050 ms
GET /app/user/auth 304 - - 1.363 ms
GET /app/project/get? 304 - - 90.543 ms
GET /app/user/auth 304 - - 1.609 ms
GET /app/user/auth 304 - - 2.314 ms
GET /app/project/get? 304 - - 80.062 ms
GET /app/user/auth 304 - - 1.517 ms
GET /app/user/auth 304 - - 1.775 ms
GET /app/project/get? 304 - - 73.813 ms
GET /app/user/auth 304 - - 1.331 ms
GET /app/user/auth 304 - - 1.735 ms
GET /app/project/get? 304 - - 77.209 ms
POST /app/user/login 200 437 - 264.435 ms
GET /app/user/auth 304 - - 1.237 ms
GET /app/user/auth 304 - - 1.215 ms
GET /app/project/get? 304 - - 71.418 ms
GET /app/user/auth 304 - - 2.246 ms
GET /app/user/auth 304 - - 2.883 ms
GET /app/user/auth 304 - - 1.867 ms
GET /app/user/auth 304 - - 1.540 ms
GET /app/project/get? 304 - - 83.192 ms
GET /app/user/auth 304 - - 1.587 ms
GET /app/user/auth 304 - - 2.019 ms
GET /app/project/get? 304 - - 75.533 ms
POST /app/user/login 200 437 - 235.581 ms
GET /app/user/auth 304 - - 2.016 ms
GET /app/user/auth 304 - - 2.126 ms
GET /app/project/get? 304 - - 76.170 ms
POST /app/user/login 200 437 - 238.069 ms
GET /app/user/auth 304 - - 1.904 ms
GET /app/user/auth 304 - - 2.093 ms
GET /app/project/get? 304 - - 69.147 ms
POST /app/user/login 200 437 - 234.393 ms
GET /app/user/auth 304 - - 1.462 ms
GET /app/user/auth 304 - - 1.615 ms
GET /app/project/get? 304 - - 82.656 ms
POST /app/user/login 200 437 - 1605.409 ms
GET /app/user/auth 304 - - 3.102 ms
GET /app/user/auth 304 - - 1.525 ms
GET /app/project/get? 304 - - 78.698 ms
POST /app/user/login 200 437 - 219.769 ms
GET /app/user/auth 304 - - 2.021 ms
GET /app/user/auth 304 - - 1.907 ms
GET /app/user/auth 304 - - 1.595 ms
GET /app/user/auth 304 - - 1.888 ms
GET /app/user/auth 304 - - 1.143 ms
GET /app/user/auth 304 - - 1.751 ms
GET /app/user/auth 304 - - 2.437 ms
GET /app/user/auth 304 - - 1.757 ms
GET /app/user/auth 304 - - 1.925 ms
GET /app/user/auth 304 - - 1.630 ms
GET /app/user/auth 304 - - 1.246 ms
GET /app/user/auth 304 - - 1.521 ms
GET /app/user/auth 304 - - 1.283 ms
GET /app/user/auth 304 - - 1.141 ms
GET /app/user/auth 304 - - 0.946 ms
GET /app/user/auth 304 - - 0.987 ms
GET /app/user/auth 304 - - 1.005 ms
GET /app/user/auth 304 - - 1.129 ms
GET /app/user/auth 304 - - 1.288 ms
GET /app/user/auth 304 - - 1.646 ms
GET /app/user/auth 304 - - 2.070 ms
GET /app/user/auth 304 - - 2.443 ms
GET /app/user/auth 304 - - 2.015 ms
GET /app/user/auth 304 - - 1.710 ms
GET /app/user/auth 304 - - 1.224 ms
GET /app/user/auth 304 - - 1.351 ms
GET /app/user/auth 304 - - 2.070 ms
GET /app/user/auth 304 - - 1.871 ms
GET /app/user/auth 304 - - 1.107 ms
GET /app/user/auth 304 - - 1.545 ms
GET /app/user/auth 304 - - 1.095 ms
GET /app/user/auth 304 - - 1.483 ms
GET /app/user/auth 304 - - 1.565 ms
GET /app/user/auth 304 - - 1.588 ms
GET /app/user/auth 304 - - 1.341 ms
GET /app/user/auth 304 - - 1.059 ms
GET /app/user/auth 304 - - 1.960 ms
GET /app/user/auth 304 - - 1.664 ms
GET /app/user/auth 304 - - 2.330 ms
GET /app/user/auth 304 - - 2.758 ms
GET /app/user/auth 304 - - 1.422 ms
GET /app/user/auth 304 - - 1.329 ms
GET /app/user/auth 304 - - 1.313 ms
GET /app/user/auth 304 - - 1.190 ms
GET /app/user/auth 304 - - 2.059 ms
GET /app/user/auth 304 - - 1.617 ms
GET /app/user/auth 304 - - 2.353 ms
GET /app/user/auth 304 - - 1.884 ms
GET /app/user/auth 304 - - 1.936 ms
GET /app/user/auth 304 - - 1.292 ms
GET /app/user/auth 304 - - 2.052 ms
GET /app/user/auth 304 - - 2.308 ms
GET /app/user/auth 304 - - 2.203 ms
GET /app/user/auth 304 - - 2.220 ms
GET /app/user/auth 304 - - 1.560 ms
GET /app/user/auth 304 - - 1.917 ms
GET /app/user/auth 304 - - 1.536 ms
GET /app/user/auth 304 - - 1.917 ms
GET /app/user/auth 304 - - 2.028 ms
GET /app/user/auth 304 - - 1.685 ms
GET /app/user/auth 304 - - 1.936 ms
GET /app/user/auth 304 - - 1.209 ms
GET /app/user/auth 304 - - 1.814 ms
GET /app/user/auth 304 - - 1.951 ms
GET /app/user/auth 304 - - 1.780 ms
GET /app/user/auth 304 - - 2.010 ms
GET /app/user/auth 304 - - 1.860 ms
GET /app/user/auth 304 - - 0.948 ms
GET /app/user/auth 304 - - 1.175 ms
GET /app/user/auth 304 - - 1.185 ms
GET /app/user/auth 304 - - 1.056 ms
GET /app/user/auth 304 - - 1.936 ms
GET /app/user/auth 304 - - 1.856 ms
GET /app/user/auth 304 - - 1.124 ms
GET /app/user/auth 304 - - 1.528 ms
GET /app/user/auth 304 - - 1.626 ms
GET /app/user/auth 304 - - 1.490 ms
GET /app/user/auth 304 - - 1.726 ms
GET /app/user/auth 304 - - 1.246 ms
GET /app/user/auth 304 - - 1.515 ms
GET /app/user/auth 304 - - 1.404 ms
GET /app/user/auth 304 - - 1.206 ms
GET /app/user/auth 304 - - 1.910 ms
GET /app/user/auth 304 - - 1.515 ms
GET /app/user/auth 304 - - 2.623 ms
GET /app/user/auth 304 - - 3.508 ms
GET /app/user/auth 304 - - 2.417 ms
GET /app/user/auth 304 - - 1.155 ms
GET /app/user/auth 304 - - 1.187 ms
GET /app/user/auth 304 - - 2.276 ms
GET /app/user/auth 304 - - 1.260 ms
GET /app/user/auth 304 - - 2.213 ms
GET /app/user/auth 304 - - 2.017 ms
GET /app/user/auth 200 47 - 7.318 ms
GET /app/user/auth 304 - - 2.472 ms
GET /app/user/auth 304 - - 2.238 ms
GET /app/user/auth 304 - - 1.097 ms
POST /app/user/login 200 437 - 254.920 ms
GET /app/user/auth 304 - - 1.422 ms
GET /app/user/auth 304 - - 1.750 ms
POST /app/user/login 200 437 - 258.342 ms
GET /app/user/auth 304 - - 2.593 ms
GET /app/user/auth 304 - - 1.684 ms
GET /app/user/auth 304 - - 1.775 ms
GET /app/user/auth 304 - - 1.414 ms
GET /app/user/auth 304 - - 1.805 ms
GET /app/user/auth 304 - - 1.607 ms
GET /app/user/auth 304 - - 0.998 ms
GET /app/user/auth 304 - - 1.117 ms
GET /app/user/auth 304 - - 1.558 ms
GET /app/user/auth 304 - - 2.028 ms
GET /app/user/auth 304 - - 1.047 ms
GET /app/user/auth 304 - - 1.635 ms
GET /app/user/auth 304 - - 1.217 ms
GET /app/user/auth 304 - - 1.604 ms
GET /app/user/auth 304 - - 0.987 ms
GET /app/user/auth 304 - - 1.206 ms
GET /app/user/auth 304 - - 1.390 ms
GET /app/user/auth 304 - - 1.878 ms
GET /app/user/auth 304 - - 1.165 ms
GET /app/user/auth 304 - - 1.850 ms
GET /app/user/auth 304 - - 0.941 ms
GET /app/user/auth 304 - - 1.797 ms
GET /app/user/auth 304 - - 2.213 ms
GET /app/user/auth 304 - - 1.747 ms
GET /app/user/auth 304 - - 1.292 ms
GET /app/user/auth 304 - - 1.487 ms
GET /app/user/auth 304 - - 1.512 ms
GET /app/user/auth 304 - - 1.230 ms
GET /app/user/auth 304 - - 1.598 ms
GET /app/user/auth 304 - - 1.157 ms
GET /app/user/auth 304 - - 2.272 ms
GET /app/user/auth 304 - - 1.890 ms
GET /app/user/auth 304 - - 1.535 ms
GET /app/user/auth 304 - - 1.804 ms
GET /app/user/auth 304 - - 1.949 ms
GET /app/user/auth 304 - - 1.216 ms
GET /app/user/auth 304 - - 1.129 ms
GET /app/user/auth 304 - - 2.348 ms
GET /app/user/auth 304 - - 1.580 ms
GET /app/user/auth 304 - - 1.213 ms
GET /app/user/auth 304 - - 1.000 ms
GET /app/user/auth 304 - - 1.454 ms
GET /app/user/auth 304 - - 1.188 ms
GET /app/user/auth 304 - - 1.373 ms
GET /app/user/auth 304 - - 1.517 ms
GET /app/user/auth 304 - - 1.054 ms
GET /app/user/auth 304 - - 1.214 ms
GET /app/user/auth 304 - - 1.255 ms
GET /app/user/auth 304 - - 1.265 ms
GET /app/user/auth 304 - - 0.976 ms
GET /app/user/auth 304 - - 1.689 ms
GET /app/user/auth 304 - - 1.222 ms
GET /app/user/auth 304 - - 1.320 ms
GET /app/user/auth 304 - - 1.133 ms
GET /app/user/auth 304 - - 1.145 ms
GET /app/user/auth 304 - - 1.647 ms
GET /app/user/auth 304 - - 1.200 ms
GET /app/user/auth 304 - - 2.310 ms
GET /app/user/auth 304 - - 2.133 ms
GET /app/user/auth 304 - - 2.260 ms
GET /app/user/auth 304 - - 2.089 ms
GET /app/user/auth 304 - - 1.868 ms
GET /app/user/auth 304 - - 1.699 ms
GET /app/user/auth 304 - - 1.206 ms
GET /app/user/auth 304 - - 4.139 ms
GET /app/user/auth 304 - - 2.302 ms
GET /app/user/auth 304 - - 1.224 ms
GET /app/user/auth 304 - - 2.013 ms
GET /app/user/auth 304 - - 1.446 ms
GET /app/user/auth 304 - - 2.287 ms
GET /app/user/auth 304 - - 1.486 ms
GET /app/user/auth 304 - - 2.184 ms
GET /app/user/auth 304 - - 2.084 ms
GET /app/user/auth 304 - - 1.879 ms
GET /app/user/auth 304 - - 1.268 ms
GET /app/user/auth 304 - - 1.078 ms
GET /app/user/auth 304 - - 1.448 ms
GET /app/user/auth 304 - - 1.139 ms
GET /app/user/auth 304 - - 1.827 ms
GET /app/user/auth 304 - - 1.548 ms
GET /app/user/auth 304 - - 1.351 ms
GET /app/user/auth 304 - - 1.397 ms
GET /app/user/auth 304 - - 1.468 ms
GET /app/user/auth 304 - - 1.103 ms
GET /app/user/auth 304 - - 1.137 ms
GET /app/user/auth 304 - - 1.472 ms
GET /app/user/auth 304 - - 2.274 ms
GET /app/user/auth 304 - - 2.444 ms
GET /app/user/auth 304 - - 1.663 ms
GET /app/user/auth 304 - - 1.980 ms
POST /app/user/login 200 437 - 293.012 ms
GET /app/user/auth 200 47 - 3.694 ms
GET /app/user/auth 304 - - 1.838 ms
GET /app/project/get? 304 - - 77.752 ms
POST /app/user/login 200 437 - 870.197 ms
GET /app/user/auth 304 - - 1.953 ms
GET /app/user/auth 304 - - 1.622 ms
GET /app/user/auth 304 - - 1.582 ms
GET /app/user/auth 304 - - 2.105 ms
GET /app/project/get? 304 - - 83.492 ms
POST /app/user/login 200 437 - 277.675 ms
GET /app/user/auth 304 - - 1.316 ms
GET /app/user/auth 304 - - 1.270 ms
GET /app/project/get? 304 - - 81.293 ms
POST /app/user/login 200 437 - 263.435 ms
GET /app/user/auth 304 - - 2.476 ms
GET /app/user/auth 304 - - 2.516 ms
GET /app/project/get? 304 - - 84.726 ms
POST /app/user/login 200 437 - 270.447 ms
GET /app/user/auth 304 - - 1.312 ms
GET /app/user/auth 304 - - 1.569 ms
POST /app/user/login 200 437 - 278.820 ms
GET /app/user/auth 304 - - 1.218 ms
GET /app/user/auth 304 - - 1.394 ms
POST /app/project/save 201 96 - 160.821 ms
GET /app/project/get? 200 1094 - 86.136 ms
POST /app/user/register 201 56 - 1590.630 ms
POST /app/user/login 200 437 - 244.362 ms
GET /app/user/auth 304 - - 2.974 ms
GET /app/user/auth 304 - - 1.281 ms
GET /app/project/get? 304 - - 95.819 ms
POST /app/user/login 200 437 - 282.876 ms
GET /app/user/auth 304 - - 5.688 ms
GET /app/user/auth 304 - - 1.905 ms
GET /app/project/get? 304 - - 76.733 ms
GET /app/user/auth 304 - - 1.313 ms
GET /app/user/auth 304 - - 1.036 ms
GET /app/user/auth 304 - - 38.286 ms
GET /app/user/auth 304 - - 4.769 ms
GET /app/project/get? 304 - - 1126.529 ms
GET /app/user/auth 200 2 - 5.146 ms
GET /app/user/auth 304 - - 2.037 ms
GET /app/user/auth 304 - - 1.681 ms
GET /app/user/auth 304 - - 1.823 ms
GET /app/project/get?page=2&limit=10 200 140 - 162.150 ms
GET /app/project/get?page=2&limit=10 200 140 - 167.047 ms
GET /app/project/get?page=2&limit=10 200 140 - 183.602 ms
GET /app/user/auth 200 47 - 2.070 ms
GET /app/user/auth 304 - - 1.226 ms
GET /app/project/get? 200 1185 - 144.613 ms
GET /app/user/auth 304 - - 2.148 ms
GET /app/user/auth 304 - - 2.424 ms
GET /app/project/get? 304 - - 152.548 ms
GET /app/user/auth 304 - - 1.185 ms
GET /app/user/auth 304 - - 1.813 ms
GET /app/project/get 200 1185 - 136.238 ms
GET /app/project/get?page=1&limit=10 200 1185 - 153.471 ms
GET /app/project/get?page=1&limit=2 200 702 - 153.815 ms
GET /app/user/auth 304 - - 1.392 ms
GET /app/user/auth 304 - - 2.100 ms
GET /app/project/get? 304 - - 144.287 ms
GET /app/user/auth 304 - - 2.120 ms
GET /app/user/auth 304 - - 1.839 ms
GET /app/project/get? 304 - - 156.223 ms
GET /app/user/auth 304 - - 2.472 ms
GET /app/user/auth 304 - - 1.847 ms
GET /app/project/get? 304 - - 131.961 ms
GET /app/user/auth 304 - - 1.307 ms
GET /app/user/auth 304 - - 2.148 ms
GET /app/project/get? 304 - - 138.732 ms
GET /app/user/auth 304 - - 0.998 ms
GET /app/user/auth 304 - - 1.220 ms
GET /app/project/get? 304 - - 154.779 ms
GET /app/user/auth 304 - - 1.864 ms
GET /app/user/auth 304 - - 1.447 ms
GET /app/project/get?page=1&limit=5 200 1184 - 143.615 ms
GET /app/user/auth 304 - - 1.519 ms
GET /app/user/auth 304 - - 3.314 ms
GET /app/project/get?page=1&limit=5 304 - - 126.605 ms
GET /app/user/auth 304 - - 5.855 ms
GET /app/user/auth 304 - - 1.272 ms
GET /app/project/get?page=1&limit=5 304 - - 193.379 ms
POST /app/project/save 201 93 - 148.898 ms
GET /app/project/get?page=1&limit=5 200 1405 - 123.082 ms
POST /app/project/save 201 93 - 92.147 ms
GET /app/project/get?page=1&limit=5 200 1405 - 153.610 ms
GET /app/user/auth 304 - - 1.664 ms
GET /app/user/auth 304 - - 1.515 ms
GET /app/project/get?page=1&limit=5 304 - - 159.833 ms
GET /app/user/auth 304 - - 1.770 ms
GET /app/user/auth 304 - - 1.502 ms
GET /app/user/auth 304 - - 1.467 ms
GET /app/user/auth 304 - - 1.025 ms
GET /app/project/get?page=1&limit=5 304 - - 161.243 ms
GET /app/project/getProjectById?project_id=68a4dbaeea691a47274e14a2 200 337 - 75.811 ms
GET /app/task/get?project_id=68a4dbaeea691a47274e14a2 200 975 - 76.744 ms
GET /app/user/auth 304 - - 3.539 ms
GET /app/user/auth 304 - - 2.048 ms
GET /app/project/get?page=1&limit=5 304 - - 147.627 ms
GET /app/project/get?page=1&limit=5 304 - - 128.323 ms
GET /app/project/get?page=1&limit=5 304 - - 155.317 ms
GET /app/user/auth 304 - - 2.705 ms
GET /app/user/auth 304 - - 2.450 ms
GET /app/project/get?page=1&limit=5 304 - - 161.925 ms
GET /app/project/get?title=Website+Redesign&page=1&limit=5 200 415 - 136.987 ms
GET /app/project/get?page=1&limit=5 304 - - 122.613 ms
GET /app/project/get?title=M&page=1&limit=5 200 1138 - 131.897 ms
GET /app/project/get?title=Project&page=1&limit=5 200 587 - 143.618 ms
GET /app/user/auth 304 - - 10.222 ms
GET /app/user/auth 304 - - 1.684 ms
GET /app/project/get?page=1&limit=5 304 - - 847.154 ms
POST /app/user/login 200 446 - 1981.299 ms
POST /app/user/login 200 446 - 280.435 ms
POST /app/user/login 200 446 - 266.047 ms
POST /app/user/login 200 446 - 281.800 ms
POST /app/user/login 200 446 - 333.058 ms
POST /app/user/login 200 446 - 288.233 ms
POST /app/user/login 200 446 - 238.272 ms
POST /app/user/login 200 446 - 257.714 ms
POST /app/user/login 200 446 - 258.780 ms
POST /app/user/login 200 446 - 331.372 ms
POST /app/user/login 200 446 - 292.619 ms
POST /app/user/login 200 446 - 304.995 ms
POST /app/user/login 200 446 - 286.178 ms
POST /app/user/login 200 446 - 286.405 ms
GET /app/user/auth 304 - - 4.423 ms
GET /app/user/auth 304 - - 2.861 ms
GET /app/user/auth 304 - - 3.833 ms
GET /app/user/auth 304 - - 3.925 ms
GET /app/user/auth 304 - - 4.509 ms
GET /app/user/auth 304 - - 3.506 ms
GET /app/user/auth 304 - - 3.532 ms
GET /app/user/auth 304 - - 3.322 ms
POST /app/user/login 200 446 - 265.876 ms
GET /app/user/auth 304 - - 6.370 ms
GET /app/user/auth 304 - - 5.415 ms
GET /app/user/auth 304 - - 2.988 ms
GET /app/user/auth 304 - - 2.625 ms
GET /app/user/auth 304 - - 3.645 ms
GET /app/user/auth 304 - - 3.465 ms
POST /app/user/login 200 446 - 282.576 ms
GET /app/user/auth 304 - - 5.287 ms
GET /app/user/auth 304 - - 4.836 ms
POST /app/user/login 200 446 - 265.077 ms
GET /app/user/auth 304 - - 2.889 ms
GET /app/user/auth 304 - - 2.658 ms
POST /app/user/login 200 446 - 295.621 ms
GET /app/user/auth 304 - - 2.761 ms
GET /app/user/auth 304 - - 3.270 ms
GET /app/project/get?page=1&limit=5 304 - - 183.105 ms
GET /app/user/auth 304 - - 3.061 ms
GET /app/user/auth 304 - - 3.366 ms
GET /app/project/get?page=1&limit=5 304 - - 195.772 ms
GET /app/user/auth 304 - - 1.419 ms
GET /app/user/auth 304 - - 2.801 ms
GET /app/project/get?page=1&limit=5 304 - - 145.134 ms
GET /app/user/auth 304 - - 1.645 ms
GET /app/user/auth 304 - - 2.428 ms
GET /app/user/auth 304 - - 1.359 ms
GET /app/user/auth 304 - - 1.835 ms
GET /app/user/auth 304 - - 1.754 ms
GET /app/user/auth 304 - - 1.366 ms
GET /app/user/auth 304 - - 5.481 ms
GET /app/user/auth 304 - - 4.506 ms
GET /app/user/auth 304 - - 2.095 ms
GET /app/user/auth 304 - - 3.147 ms
GET /app/user/auth 304 - - 2.900 ms
GET /app/user/auth 304 - - 2.781 ms
GET /app/project/get?page=1&limit=5 304 - - 163.429 ms
GET /app/project/get?title=p&page=1&limit=5 200 1138 - 223.714 ms
GET /app/project/get?title=pr&page=1&limit=5 200 587 - 185.292 ms
GET /app/project/get?title=pro&page=1&limit=5 200 587 - 164.377 ms
GET /app/project/get?title=proe&page=1&limit=5 200 139 - 144.712 ms
GET /app/project/get?title=proen&page=1&limit=5 200 139 - 143.948 ms
GET /app/project/get?title=s&page=1&limit=5 200 861 - 162.072 ms
GET /app/project/get?title=ss&page=1&limit=5 200 139 - 169.517 ms
GET /app/project/get?title=sss&page=1&limit=5 200 139 - 152.415 ms
GET /app/project/get?title=ssss&page=1&limit=5 200 139 - 143.256 ms
GET /app/project/get?page=1&limit=5 304 - - 195.498 ms
GET /app/project/get?title=D&page=1&limit=5 200 1148 - 164.891 ms
GET /app/project/get?title=De&page=1&limit=5 200 702 - 141.332 ms
GET /app/project/get?page=1&limit=5 304 - - 149.360 ms
GET /app/user/auth 304 - - 1.963 ms
GET /app/user/auth 304 - - 2.287 ms
GET /app/user/auth 304 - - 1.840 ms
GET /app/user/auth 304 - - 2.959 ms
GET /app/user/auth 304 - - 7.462 ms
GET /app/user/auth 304 - - 8.050 ms
GET /app/project/get?status=completed&page=1&limit=5 200 402 - 146.289 ms
GET /app/project/get?status=all&page=1&limit=5 200 139 - 174.433 ms
GET /app/project/get?status=active&page=1&limit=5 200 1369 - 158.176 ms
GET /app/user/auth 304 - - 2.815 ms
GET /app/user/auth 304 - - 2.866 ms
GET /app/project/get?status=completed&page=1&limit=5 304 - - 172.159 ms
GET /app/user/auth 304 - - 1.513 ms
GET /app/user/auth 304 - - 1.942 ms
GET /app/user/auth 304 - - 13.508 ms
GET /app/user/auth 304 - - 4.745 ms
GET /app/user/auth 304 - - 2.615 ms
GET /app/user/auth 304 - - 2.340 ms
GET /app/project/get?page=1&limit=5 304 - - 932.126 ms
GET /app/project/get?title=Dev&page=1&limit=5 200 425 - 187.902 ms
GET /app/project/get?title=De&page=1&limit=5 304 - - 151.127 ms
GET /app/project/getProjectById?project_id=68a4dbaeea691a47274e14a2 304 - - 149.756 ms
GET /app/task/get?project_id=68a4dbaeea691a47274e14a2 304 - - 581.783 ms
GET /app/user/auth 304 - - 6.274 ms
GET /app/user/auth 304 - - 5.575 ms
GET /app/project/getProjectById?project_id=68a4dbaeea691a47274e14a3 200 347 - 90.370 ms
GET /app/task/get?project_id=68a4dbaeea691a47274e14a3 200 963 - 89.995 ms
GET /app/user/auth 304 - - 6.380 ms
GET /app/user/auth 304 - - 5.164 ms
GET /app/task/get?project_id=68a4dbaeea691a47274e14a3 304 - - 96.315 ms
GET /app/project/getProjectById?project_id=68a4dbaeea691a47274e14a3 304 - - 118.244 ms
GET /app/user/auth 304 - - 2.913 ms
GET /app/user/auth 304 - - 3.072 ms
GET /app/project/getProjectById?project_id=68a4dbaeea691a47274e14a3 304 - - 74.570 ms
GET /app/task/get?project_id=68a4dbaeea691a47274e14a3 304 - - 82.751 ms
GET /app/project/get?page=1&limit=5 304 - - 170.703 ms
GET /app/user/auth 304 - - 2.581 ms
GET /app/user/auth 304 - - 7.213 ms
GET /app/task/get?project_id=68a4dbaeea691a47274e14a3 304 - - 119.494 ms
GET /app/project/getProjectById?project_id=68a4dbaeea691a47274e14a3 304 - - 134.952 ms
GET /app/project/get?page=1&limit=5 304 - - 161.638 ms
GET /app/user/auth 304 - - 1.747 ms
GET /app/user/auth 304 - - 1.895 ms
GET /app/project/getProjectById?project_id=68a4dbaeea691a47274e14a3 304 - - 71.258 ms
GET /app/task/get?project_id=68a4dbaeea691a47274e14a3 304 - - 83.071 ms
GET /app/user/auth 304 - - 1.957 ms
GET /app/user/auth 304 - - 2.893 ms
GET /app/user/auth 304 - - 6.500 ms
GET /app/user/auth 304 - - 5.298 ms
GET /app/project/getProjectById?project_id=68a4dbaeea691a47274e14a3 - - - - ms
GET /app/task/get?project_id=68a4dbaeea691a47274e14a3 - - - - ms
GET /app/user/auth 304 - - 10.410 ms
GET /app/user/auth 304 - - 9.150 ms
GET /app/project/get?page=1&limit=5 - - - - ms
GET /app/task/get?project_id=68a4dbaeea691a47274e14a3 - - - - ms
GET /app/project/getProjectById?project_id=68a4dbaeea691a47274e14a3 - - - - ms
